-------------------------------------------------------------------------------
Test set: ru.praktikum_services.qa_scooter.CreatingCourierTest
-------------------------------------------------------------------------------
Tests run: 5, Failures: 2, Errors: 0, Skipped: 0, Time elapsed: 5.268 s <<< FAILURE! - in ru.praktikum_services.qa_scooter.CreatingCourierTest
creatingExistingLoginCourierTest(ru.praktikum_services.qa_scooter.CreatingCourierTest)  Time elapsed: 4.346 s  <<< FAILURE!
java.lang.AssertionError: 
1 expectation failed.
JSON path message doesn't match.
Expected: Этот логин уже используется
  Actual: Этот логин уже используется. Попробуйте другой.

	at ru.praktikum_services.qa_scooter.CreatingCourierTest.creatingExistingLoginCourierTest(CreatingCourierTest.java:75)

creatingIdenticalCourierTest(ru.praktikum_services.qa_scooter.CreatingCourierTest)  Time elapsed: 0.311 s  <<< FAILURE!
java.lang.AssertionError: 
1 expectation failed.
JSON path message doesn't match.
Expected: Этот логин уже используется
  Actual: Этот логин уже используется. Попробуйте другой.

	at ru.praktikum_services.qa_scooter.CreatingCourierTest.creatingIdenticalCourierTest(CreatingCourierTest.java:58)

